============================= test session starts =============================
platform win32 -- Python 3.9.13, pytest-8.4.2, pluggy-1.6.0
rootdir: C:\Users\theja\OneDrive\Documents\AI PRC22CA027\MAIN PROJECT\vra_project
plugins: anyio-4.12.0, langsmith-0.4.37, asyncio-1.2.0
asyncio: mode=strict, debug=False, asyncio_default_fixture_loop_scope=None, asyncio_default_test_loop_scope=function
collected 3 items

tests\test_local_ingestion.py .                                          [ 33%]
tests\test_research.py ..                                                [100%]

============================== warnings summary ===============================
state\state_schema.py:54
  C:\Users\theja\OneDrive\Documents\AI PRC22CA027\MAIN PROJECT\vra_project\state\state_schema.py:54: PydanticDeprecatedSince20: Pydantic V1 style `@validator` validators are deprecated. You should migrate to Pydantic V2 style `@field_validator` validators, see the migration guide for more details. Deprecated in Pydantic V2.0 to be removed in V3.0. See Pydantic V2 Migration Guide at https://errors.pydantic.dev/2.12/migration/
    @validator("section_index")

<frozen importlib._bootstrap>:228
<frozen importlib._bootstrap>:228
  <frozen importlib._bootstrap>:228: DeprecationWarning: builtin type SwigPyPacked has no __module__ attribute

<frozen importlib._bootstrap>:228
<frozen importlib._bootstrap>:228
  <frozen importlib._bootstrap>:228: DeprecationWarning: builtin type SwigPyObject has no __module__ attribute

<frozen importlib._bootstrap>:228
  <frozen importlib._bootstrap>:228: DeprecationWarning: builtin type swigvarlink has no __module__ attribute

api\routers\planner.py:64
  C:\Users\theja\OneDrive\Documents\AI PRC22CA027\MAIN PROJECT\vra_project\api\routers\planner.py:64: PydanticDeprecatedSince20: Support for class-based `config` is deprecated, use ConfigDict instead. Deprecated in Pydantic V2.0 to be removed in V3.0. See Pydantic V2 Migration Guide at https://errors.pydantic.dev/2.12/migration/
    class SessionSchema(BaseModel):

-- Docs: https://docs.pytest.org/en/stable/how-to/capture-warnings.html
================== 3 passed, 7 warnings in 213.99s (0:03:33) ==================
