============================= test session starts =============================
platform win32 -- Python 3.9.13, pytest-8.4.2, pluggy-1.6.0
rootdir: C:\Users\theja\OneDrive\Documents\AI PRC22CA027\MAIN PROJECT\vra_project
plugins: anyio-4.12.0, langsmith-0.4.37, asyncio-1.2.0
asyncio: mode=strict, debug=False, asyncio_default_fixture_loop_scope=None, asyncio_default_test_loop_scope=function
collected 16 items / 3 errors

=================================== ERRORS ====================================
____________________ ERROR collecting tests/test_chroma.py ____________________
venv\lib\site-packages\httpx\_transports\default.py:101: in map_httpcore_exceptions
    yield
venv\lib\site-packages\httpx\_transports\default.py:250: in handle_request
    resp = self._pool.handle_request(req)
venv\lib\site-packages\httpcore\_sync\connection_pool.py:256: in handle_request
    raise exc from None
venv\lib\site-packages\httpcore\_sync\connection_pool.py:236: in handle_request
    response = connection.handle_request(
venv\lib\site-packages\httpcore\_sync\connection.py:101: in handle_request
    raise exc
venv\lib\site-packages\httpcore\_sync\connection.py:78: in handle_request
    stream = self._connect(request)
venv\lib\site-packages\httpcore\_sync\connection.py:124: in _connect
    stream = self._network_backend.connect_tcp(**kwargs)
venv\lib\site-packages\httpcore\_backends\sync.py:215: in connect_tcp
    sock.setsockopt(socket.IPPROTO_TCP, socket.TCP_NODELAY, 1)
C:\Users\theja\AppData\Local\Programs\Python\Python39\lib\contextlib.py:137: in __exit__
    self.gen.throw(typ, value, traceback)
venv\lib\site-packages\httpcore\_exceptions.py:14: in map_exceptions
    raise to_exc(exc) from exc
E   httpcore.ConnectError: [WinError 10061] No connection could be made because the target machine actively refused it

The above exception was the direct cause of the following exception:
venv\lib\site-packages\chromadb\api\client.py:122: in get_user_identity
    return self._server.get_user_identity()
venv\lib\site-packages\chromadb\telemetry\opentelemetry\__init__.py:150: in wrapper
    return f(*args, **kwargs)
venv\lib\site-packages\chromadb\api\fastapi.py:215: in get_user_identity
    return UserIdentity(**self._make_request("get", "/auth/identity"))
venv\lib\site-packages\chromadb\api\fastapi.py:120: in _make_request
    response = self._session.request(method, url, **cast(Any, kwargs))
venv\lib\site-packages\httpx\_client.py:825: in request
    return self.send(request, auth=auth, follow_redirects=follow_redirects)
venv\lib\site-packages\httpx\_client.py:914: in send
    response = self._send_handling_auth(
venv\lib\site-packages\httpx\_client.py:942: in _send_handling_auth
    response = self._send_handling_redirects(
venv\lib\site-packages\httpx\_client.py:979: in _send_handling_redirects
    response = self._send_single_request(request)
venv\lib\site-packages\httpx\_client.py:1014: in _send_single_request
    response = transport.handle_request(request)
venv\lib\site-packages\httpx\_transports\default.py:250: in handle_request
    resp = self._pool.handle_request(req)
C:\Users\theja\AppData\Local\Programs\Python\Python39\lib\contextlib.py:137: in __exit__
    self.gen.throw(typ, value, traceback)
venv\lib\site-packages\httpx\_transports\default.py:118: in map_httpcore_exceptions
    raise mapped_exc(message) from exc
E   httpx.ConnectError: [WinError 10061] No connection could be made because the target machine actively refused it

During handling of the above exception, another exception occurred:
tests\test_chroma.py:3: in <module>
    client = chromadb.HttpClient(host="localhost", port=8000)
venv\lib\site-packages\chromadb\__init__.py:293: in HttpClient
    return ClientCreator(tenant=tenant, database=database, settings=settings)
venv\lib\site-packages\chromadb\api\client.py:75: in __init__
    user_identity = self.get_user_identity()
venv\lib\site-packages\chromadb\api\client.py:124: in get_user_identity
    raise ValueError(
E   ValueError: Could not connect to a Chroma server. Are you sure it is running?
_______________ ERROR collecting tests/test_local_ingestion.py ________________
tests\test_local_ingestion.py:4: in <module>
    from api.main import app
api\main.py:19: in <module>
    from api.routers import (
api\routers\__init__.py:2: in <module>
    from . import (
api\routers\planner.py:39: in <module>
    from api.dependencies.auth import get_current_user, get_db
api\dependencies\auth.py:7: in <module>
    from database.models.auth_models import User
database\models\auth_models.py:7: in <module>
    from utils.security import encrypt_string, decrypt_string
utils\security.py:23: in <module>
    raise RuntimeError("CRITICAL: ENCRYPTION_KEY is missing. Temporary keys are disabled in non-local environments. Set ALLOW_TEMP_ENCRYPTION=true to override (NOT RECOMMENDED).")
E   RuntimeError: CRITICAL: ENCRYPTION_KEY is missing. Temporary keys are disabled in non-local environments. Set ALLOW_TEMP_ENCRYPTION=true to override (NOT RECOMMENDED).
------------------------------- Captured stdout -------------------------------
\U0001f527 Loaded environment: production
___________________ ERROR collecting tests/test_research.py ___________________
tests\test_research.py:3: in <module>
    from api.main import app
api\main.py:19: in <module>
    from api.routers import (
api\routers\__init__.py:2: in <module>
    from . import (
api\routers\planner.py:39: in <module>
    from api.dependencies.auth import get_current_user, get_db
api\dependencies\auth.py:7: in <module>
    from database.models.auth_models import User
database\models\auth_models.py:7: in <module>
    from utils.security import encrypt_string, decrypt_string
utils\security.py:23: in <module>
    raise RuntimeError("CRITICAL: ENCRYPTION_KEY is missing. Temporary keys are disabled in non-local environments. Set ALLOW_TEMP_ENCRYPTION=true to override (NOT RECOMMENDED).")
E   RuntimeError: CRITICAL: ENCRYPTION_KEY is missing. Temporary keys are disabled in non-local environments. Set ALLOW_TEMP_ENCRYPTION=true to override (NOT RECOMMENDED).
------------------------------- Captured stdout -------------------------------
\U0001f527 Loaded environment: production
============================== warnings summary ===============================
state\state_schema.py:54
  C:\Users\theja\OneDrive\Documents\AI PRC22CA027\MAIN PROJECT\vra_project\state\state_schema.py:54: PydanticDeprecatedSince20: Pydantic V1 style `@validator` validators are deprecated. You should migrate to Pydantic V2 style `@field_validator` validators, see the migration guide for more details. Deprecated in Pydantic V2.0 to be removed in V3.0. See Pydantic V2 Migration Guide at https://errors.pydantic.dev/2.12/migration/
    @validator("section_index")

<frozen importlib._bootstrap>:228
<frozen importlib._bootstrap>:228
  <frozen importlib._bootstrap>:228: DeprecationWarning: builtin type SwigPyPacked has no __module__ attribute

<frozen importlib._bootstrap>:228
<frozen importlib._bootstrap>:228
  <frozen importlib._bootstrap>:228: DeprecationWarning: builtin type SwigPyObject has no __module__ attribute

<frozen importlib._bootstrap>:228
  <frozen importlib._bootstrap>:228: DeprecationWarning: builtin type swigvarlink has no __module__ attribute

-- Docs: https://docs.pytest.org/en/stable/how-to/capture-warnings.html
=========================== short test summary info ===========================
ERROR tests/test_chroma.py - ValueError: Could not connect to a Chroma server...
ERROR tests/test_local_ingestion.py - RuntimeError: CRITICAL: ENCRYPTION_KEY ...
ERROR tests/test_research.py - RuntimeError: CRITICAL: ENCRYPTION_KEY is miss...
!!!!!!!!!!!!!!!!!!! Interrupted: 3 errors during collection !!!!!!!!!!!!!!!!!!!
======================= 6 warnings, 3 errors in 16.97s ========================
